<?xml version="1.0" encoding="UTF-8"?>
<testng-results skipped="0" failed="0" ignored="0" total="0" passed="0">
  <reporter-output>
  </reporter-output>
  <suite name="AliBaba Automation Test" duration-ms="6" started-at="2019-02-05T17:29:28Z" finished-at="2019-02-05T17:29:28Z">
    <groups>
    </groups>
    <test name="jewelwebsite" duration-ms="6" started-at="2019-02-05T17:29:28Z" finished-at="2019-02-05T17:29:28Z">
    </test> <!-- jewelwebsite -->
  </suite> <!-- AliBaba Automation Test -->
</testng-results>
